<?xml version="1.0" encoding="UTF-8"?>
<!-- Generated by org.testng.reporters.JUnitReportReporter -->
<testsuite hostname="HP" name="com.shopping.qa.testcases.HomePageTestcase" tests="3" failures="0" timestamp="23 Jan 2020 07:26:18 GMT" time="107.963" errors="0">
  <testcase name="HomePageLogo" time="22.655" classname="com.shopping.qa.testcases.HomePageTestcase"/>
  <testcase name="HomePageTitle" time="24.188" classname="com.shopping.qa.testcases.HomePageTestcase"/>
  <testcase name="Loginbtn" time="61.120" classname="com.shopping.qa.testcases.HomePageTestcase"/>
</testsuite> <!-- com.shopping.qa.testcases.HomePageTestcase -->
