<?xml version="1.0" encoding="UTF-8"?>
<!-- Generated by org.testng.reporters.JUnitReportReporter -->
<testsuite skipped="1" hostname="HP" name="com.shopping.qa.testcases.LoginPageTestCase" tests="1" failures="0" timestamp="2020-01-24T13:25:31 IST" time="0.000" errors="0">
  <testcase name="login" time="0.000" classname="com.shopping.qa.testcases.LoginPageTestCase">
    <skipped/>
  </testcase> <!-- login -->
</testsuite> <!-- com.shopping.qa.testcases.LoginPageTestCase -->
